nohup: ignoring input
Namespace(checkpoint_root='/data/zhaobo/zhouyufan/PDPP-Optimize/checkpoint', checkpoint_max_root='/data/zhaobo/zhouyufan/PDPP-Optimize/save_max', log_root='/data/zhaobo/zhouyufan/PDPP-Optimize/log/log', checkpoint_dir='whl', optimizer='adam', num_thread_reader=8, batch_size=256, batch_size_val=256, momemtum=0.9, save_freq=1, crop_only=1, centercrop=0, random_flip=1, verbose=1, fps=1, cudnn_benchmark=1, dataset='NIV', action_dim=48, observation_dim=1536, class_dim=5, root='/data/zhaobo/zhouyufan/PDPP-Optimize/dataset/NIV', json_path_train='/data/zhaobo/zhouyufan/PDPP-Optimize/dataset/NIV/train70.json', json_path_val='/data/zhaobo/zhouyufan/PDPP-Optimize/dataset/NIV/test30.json', json_path_val2='/data/zhaobo/zhouyufan/PDPP-Optimize/dataset/NIV/output3.json', n_train_steps=50, start_epoch=0, resume=False, evaluate=True, pretrained=False, pin_memory=True, world_size=1, rank=0, dist_file='dist-file', dist_backend='nccl', multiprocessing_distributed=False, name='NIV3', loss_type='Weighted_Gradient_MSE', ckpt_path='', dist_port=21712, log_freq=500, gpu=2, seed=3406, weight=6, n_diffusion_steps=50, clip_denoised=True, ddim_discr_method='uniform', lr=0.0003, ema_decay=0.995, gradient_accumulate_every=1, step_start_ema=400, update_ema_every=10, ie_num=1, transformer_num=2, base_model='predictor', num_heads=4, num_layers=2, dim_feedforward=1024, dropout=0.4, horizon=3, epochs=120, if_jump=1, distributed=False)
/data/zhaobo/zhouyufan/PDPP-Optimize/dataset/NIV/train70_3.json
Loaded /data/zhaobo/zhouyufan/PDPP-Optimize/dataset/NIV/train70_3.json
/data/zhaobo/zhouyufan/PDPP-Optimize/dataset/NIV/output3.json
Loaded /data/zhaobo/zhouyufan/PDPP-Optimize/dataset/NIV/output3.json
logging outputs to  /data/zhaobo/zhouyufan/PDPP-Optimize/log/log_NIV3_20240827215239_NIV
total train:   0%|          | 0/120 [00:00<?, ?it/s]lrs:
1.4999999999999999e-05
---------------------------------
/data/zhaobo/zhouyufan/PDPP-Optimize/utils/eval.py:88: UserWarning: To copy construct from a tensor, it is recommended to use sourceTensor.clone().detach() or sourceTensor.clone().detach().requires_grad_(True), rather than torch.tensor(sourceTensor).
  torch.tensor(A0_acc.avg), torch.tensor(AT_acc.avg)
total train:   1%|          | 1/120 [07:48<15:29:38, 468.73s/it]7.037036895751953 0
lrs:
2.9999999999999997e-05
---------------------------------
total train:   2%|▏         | 2/120 [15:33<15:16:58, 466.26s/it]0.0 7.037036895751953
lrs:
4.4999999999999996e-05
---------------------------------
total train:   2%|▎         | 3/120 [23:01<14:52:52, 457.89s/it]0.0 7.037036895751953
lrs:
5.9999999999999995e-05
---------------------------------
total train:   3%|▎         | 4/120 [30:34<14:41:58, 456.20s/it]0.0 7.037036895751953
lrs:
7.5e-05
---------------------------------
total train:   4%|▍         | 5/120 [38:06<14:30:58, 454.43s/it]2.592592477798462 7.037036895751953
lrs:
8.999999999999999e-05
---------------------------------
total train:   5%|▌         | 6/120 [45:34<14:19:37, 452.44s/it]1.8518518209457397 7.037036895751953
lrs:
0.00010499999999999999
---------------------------------
total train:   6%|▌         | 7/120 [53:09<14:13:43, 453.31s/it]8.518518447875977 7.037036895751953
lrs:
0.00011999999999999999
---------------------------------
total train:   7%|▋         | 8/120 [1:00:49<14:10:00, 455.37s/it]12.592592239379883 8.518518447875977
lrs:
0.000135
---------------------------------
total train:   8%|▊         | 9/120 [1:08:19<13:59:14, 453.65s/it]12.592592239379883 12.592592239379883
/data/zhaobo/zhouyufan/PDPP-Optimize/utils/training.py:288: UserWarning: To copy construct from a tensor, it is recommended to use sourceTensor.clone().detach() or sourceTensor.clone().detach().requires_grad_(True), rather than torch.tensor(sourceTensor).
  return torch.tensor(losses.avg), acc1, acc5, torch.tensor(trajectory_success_rate), \
total train:   8%|▊         | 10/120 [1:16:07<13:59:46, 458.05s/it]13.703703880310059 12.592592239379883
lrs:
0.000165
---------------------------------
total train:   9%|▉         | 11/120 [1:23:48<13:53:56, 459.05s/it]14.44444465637207 13.703703880310059
