nohup: ignoring input
Namespace(checkpoint_root='/data/zhaobo/zhouyufan/PDPP-Optimize/checkpoint', checkpoint_max_root='/data/zhaobo/zhouyufan/PDPP-Optimize/save_max', log_root='/data/zhaobo/zhouyufan/PDPP-Optimize/log/log', checkpoint_dir='whl', optimizer='adam', num_thread_reader=8, batch_size=256, batch_size_val=256, momemtum=0.9, save_freq=1, crop_only=1, centercrop=0, random_flip=1, verbose=1, fps=1, cudnn_benchmark=1, dataset='NIV', action_dim=48, observation_dim=1536, class_dim=5, root='/data/zhaobo/zhouyufan/PDPP-Optimize/dataset/NIV', json_path_train='/data/zhaobo/zhouyufan/PDPP-Optimize/dataset/NIV/train70.json', json_path_val='/data/zhaobo/zhouyufan/PDPP-Optimize/dataset/NIV/test30.json', json_path_val2='/data/zhaobo/zhouyufan/PDPP-Optimize/dataset/NIV/output3.json', n_train_steps=50, start_epoch=0, resume=False, evaluate=True, pretrained=False, pin_memory=True, world_size=1, rank=0, dist_file='dist-file', dist_backend='nccl', multiprocessing_distributed=False, name='NIV1', loss_type='Weighted_Gradient_MSE', ckpt_path='', dist_port=21712, log_freq=500, gpu=0, seed=3407, weight=6, n_diffusion_steps=50, clip_denoised=True, ddim_discr_method='uniform', lr=0.0003, ema_decay=0.995, gradient_accumulate_every=1, step_start_ema=400, update_ema_every=10, ie_num=1, transformer_num=2, base_model='predictor', num_heads=4, num_layers=2, dim_feedforward=1024, dropout=0.4, horizon=3, epochs=120, if_jump=1, distributed=False)
/data/zhaobo/zhouyufan/PDPP-Optimize/dataset/NIV/train70_3.json
Loaded /data/zhaobo/zhouyufan/PDPP-Optimize/dataset/NIV/train70_3.json
/data/zhaobo/zhouyufan/PDPP-Optimize/dataset/NIV/output3.json
Loaded /data/zhaobo/zhouyufan/PDPP-Optimize/dataset/NIV/output3.json
logging outputs to  /data/zhaobo/zhouyufan/PDPP-Optimize/log/log_NIV1_20240827215238_NIV
total train:   0%|          | 0/120 [00:00<?, ?it/s]lrs:
1.4999999999999999e-05
---------------------------------
/data/zhaobo/zhouyufan/PDPP-Optimize/utils/eval.py:88: UserWarning: To copy construct from a tensor, it is recommended to use sourceTensor.clone().detach() or sourceTensor.clone().detach().requires_grad_(True), rather than torch.tensor(sourceTensor).
  torch.tensor(A0_acc.avg), torch.tensor(AT_acc.avg)
total train:   1%|          | 1/120 [07:35<15:02:34, 455.08s/it]3.7037036418914795 0
lrs:
2.9999999999999997e-05
---------------------------------
total train:   2%|▏         | 2/120 [15:15<15:00:39, 457.96s/it]6.666666507720947 3.7037036418914795
lrs:
4.4999999999999996e-05
---------------------------------
total train:   2%|▎         | 3/120 [22:51<14:51:30, 457.19s/it]21.11111068725586 6.666666507720947
lrs:
5.9999999999999995e-05
---------------------------------
total train:   3%|▎         | 4/120 [30:29<14:44:51, 457.69s/it]26.66666603088379 21.11111068725586
lrs:
7.5e-05
---------------------------------
total train:   4%|▍         | 5/120 [38:00<14:32:45, 455.35s/it]22.22222137451172 26.66666603088379
lrs:
8.999999999999999e-05
---------------------------------
total train:   5%|▌         | 6/120 [45:28<14:19:57, 452.61s/it]25.185184478759766 26.66666603088379
lrs:
0.00010499999999999999
---------------------------------
total train:   6%|▌         | 7/120 [52:55<14:09:12, 450.91s/it]25.185184478759766 26.66666603088379
lrs:
0.00011999999999999999
---------------------------------
total train:   7%|▋         | 8/120 [1:00:29<14:03:36, 451.94s/it]22.592592239379883 26.66666603088379
lrs:
0.000135
---------------------------------
total train:   8%|▊         | 9/120 [1:07:57<13:53:43, 450.66s/it]22.592592239379883 26.66666603088379
/data/zhaobo/zhouyufan/PDPP-Optimize/utils/training.py:288: UserWarning: To copy construct from a tensor, it is recommended to use sourceTensor.clone().detach() or sourceTensor.clone().detach().requires_grad_(True), rather than torch.tensor(sourceTensor).
  return torch.tensor(losses.avg), acc1, acc5, torch.tensor(trajectory_success_rate), \
total train:   8%|▊         | 10/120 [1:15:33<13:49:01, 452.19s/it]22.22222137451172 26.66666603088379
lrs:
0.000165
---------------------------------
total train:   9%|▉         | 11/120 [1:23:00<13:38:56, 450.79s/it]22.22222137451172 26.66666603088379
