nohup: ignoring input
Namespace(checkpoint_root='/home/zhouyufan/Projects/PDPP/checkpoint', checkpoint_max_root='/home/zhouyufan/Projects/PDPP/save_max', log_root='/home/zhouyufan/Projects/PDPP/log/log_mlp', checkpoint_dir='whl', optimizer='adam', num_thread_reader=8, batch_size=256, batch_size_val=256, pretrain_cnn_path='', momemtum=0.9, save_freq=1, crop_only=1, centercrop=0, random_flip=1, verbose=1, fps=1, cudnn_benchmark=1, dataset='NIV', action_dim=48, observation_dim=1536, class_dim=5, root='/home/zhouyufan/Projects/PDPP/dataset/NIV', json_path_train='/home/zhouyufan/Projects/PDPP/dataset/NIV/train70.json', json_path_val='/home/zhouyufan/Projects/PDPP/dataset/NIV/test30.json', json_path_val2='', n_train_steps=200, start_epoch=0, resume=False, evaluate=True, pretrained=False, pin_memory=True, world_size=1, rank=0, dist_file='dist-file', dist_backend='nccl', gpu=7, multiprocessing_distributed=False, name='note10', loss_type='Weighted_Gradient_MSE', ckpt_path='', dist_port=21712, horizon=3, epochs=70, log_freq=500, seed=217, weight=6, n_diffusion_steps=200, clip_denoised=True, ddim_discr_method='uniform', lr=0.0005, ema_decay=0.995, gradient_accumulate_every=1, step_start_ema=400, update_ema_every=10, imageEncoder=0, transformer_num=5, base_model='base')
NIV
698
NIV
270
logging outputs to  /home/zhouyufan/Projects/PDPP/log/log_mlp_note10_20240729202239_NIV
total_mlp:   0%|          | 0/70 [00:00<?, ?it/s]total_mlp:   1%|▏         | 1/70 [00:29<33:51, 29.44s/it]lrs:
8.571428571428573e-06
---------------------------------
/home/zhouyufan/Projects/PDPP/train_mlp.py:473: UserWarning: To copy construct from a tensor, it is recommended to use sourceTensor.clone().detach() or sourceTensor.clone().detach().requires_grad_(True), rather than torch.tensor(sourceTensor).
  return torch.tensor(losses.avg), torch.tensor(acc)
total_mlp:   3%|▎         | 2/70 [00:58<33:25, 29.50s/it]total_mlp:   4%|▍         | 3/70 [01:28<33:09, 29.69s/it]lrs:
2.5714285714285714e-05
---------------------------------
total_mlp:   6%|▌         | 4/70 [01:58<32:42, 29.74s/it]total_mlp:   7%|▋         | 5/70 [02:28<32:05, 29.63s/it]lrs:
4.2857142857142856e-05
---------------------------------
total_mlp:   9%|▊         | 6/70 [02:57<31:24, 29.45s/it]total_mlp:  10%|█         | 7/70 [03:26<30:58, 29.49s/it]lrs:
6e-05
---------------------------------
total_mlp:  11%|█▏        | 8/70 [03:57<30:54, 29.91s/it]total_mlp:  13%|█▎        | 9/70 [04:26<30:10, 29.67s/it]lrs:
7.714285714285714e-05
---------------------------------
total_mlp:  14%|█▍        | 10/70 [04:57<29:54, 29.90s/it]total_mlp:  16%|█▌        | 11/70 [05:27<29:24, 29.91s/it]lrs:
9.428571428571429e-05
---------------------------------
total_mlp:  17%|█▋        | 12/70 [05:56<28:50, 29.84s/it]total_mlp:  19%|█▊        | 13/70 [06:26<28:14, 29.73s/it]lrs:
0.0001
---------------------------------
