nohup: ignoring input
Namespace(checkpoint_root='/home/zhouyufan/Projects/PDPP/checkpoint', log_root='/home/zhouyufan/Projects/PDPP/log/log', checkpoint_dir='whl', optimizer='adam', num_thread_reader=8, batch_size=256, batch_size_val=256, pretrain_cnn_path='', momemtum=0.9, log_freq=500, save_freq=1, gradient_accumulate_every=1, ema_decay=0.995, step_start_ema=400, update_ema_every=10, crop_only=1, centercrop=0, random_flip=1, verbose=1, fps=1, cudnn_benchmark=1, dataset='crosstask', action_dim=105, observation_dim=1536, class_dim=18, n_diffusion_steps=200, n_train_steps=200, root='/home/zhouyufan/Projects/PDPP/dataset/crosstask', json_path_train='/home/zhouyufan/Projects/PDPP/dataset/crosstask/crosstask_release/train_list.json', json_path_val='/home/zhouyufan/Projects/PDPP/dataset/crosstask/crosstask_release/test_list.json', json_path_val2='/home/zhouyufan/Projects/PDPP/dataset/crosstask/crosstask_release/output.json', epochs=190, start_epoch=0, lr=0.0005, resume=False, evaluate=True, pretrained=False, pin_memory=True, world_size=1, rank=0, dist_file='dist-file', dist_backend='nccl', seed=217, gpu=3, multiprocessing_distributed=False, name='9w', loss_kind='Weighted_Gradient_MSE', ckpt_path='', layer_num=3, dist_port=21712, horizon=3, weight=9.0)
Loaded /home/zhouyufan/Projects/PDPP/dataset/crosstask/crosstask_release/train_list.json
Loaded /home/zhouyufan/Projects/PDPP/dataset/crosstask/crosstask_release/output.json
logging outputs to  /home/zhouyufan/Projects/PDPP/log/log_9w_20240718103520_crosstask
total train:   0%|          | 0/190 [00:00<?, ?it/s]total train:   1%|          | 1/190 [00:16<50:43, 16.10s/it]lrs:
1.5789473684210526e-05
---------------------------------
lrs:
3.157894736842105e-05
---------------------------------
/home/zhouyufan/Projects/PDPP/utils/eval.py:88: UserWarning: To copy construct from a tensor, it is recommended to use sourceTensor.clone().detach() or sourceTensor.clone().detach().requires_grad_(True), rather than torch.tensor(sourceTensor).
  torch.tensor(A0_acc.avg), torch.tensor(AT_acc.avg)
total train:   1%|          | 2/190 [00:54<1:30:46, 28.97s/it]1.35282564163208 0
total train:   2%|▏         | 3/190 [01:09<1:10:38, 22.66s/it]lrs:
4.736842105263158e-05
---------------------------------
lrs:
6.31578947368421e-05
---------------------------------
total train:   2%|▏         | 4/190 [01:53<1:36:31, 31.13s/it]1.35282564163208 1.35282564163208
total train:   3%|▎         | 5/190 [02:13<1:23:28, 27.07s/it]lrs:
7.894736842105265e-05
---------------------------------
lrs:
9.473684210526316e-05
---------------------------------
total train:   3%|▎         | 6/190 [02:52<1:35:19, 31.09s/it]1.3310059309005737 1.35282564163208
total train:   4%|▎         | 7/190 [03:11<1:23:16, 27.30s/it]lrs:
0.00011052631578947369
---------------------------------
lrs:
0.0001263157894736842
---------------------------------
total train:   4%|▍         | 8/190 [03:53<1:37:03, 32.00s/it]1.3310059309005737 1.35282564163208
total train:   5%|▍         | 9/190 [04:12<1:23:53, 27.81s/it]lrs:
0.00014210526315789474
---------------------------------
/home/zhouyufan/Projects/PDPP/utils/training.py:162: UserWarning: To copy construct from a tensor, it is recommended to use sourceTensor.clone().detach() or sourceTensor.clone().detach().requires_grad_(True), rather than torch.tensor(sourceTensor).
  return torch.tensor(losses.avg), acc1, acc5, torch.tensor(trajectory_success_rate), \
total train:   5%|▌         | 10/190 [04:59<1:41:37, 33.88s/it]1.6583024263381958 1.35282564163208
